# JRE version: Java(TM) SE Runtime Environment (8.0_102-b14) (build 1.8.0_102-b14)
# Java VM: Java HotSpot(TM) 64-Bit Server VM (25.102-b14 mixed mode bsd-amd64 compressed oops)
Heap:
 PSYoungGen      total 270848K, used 140033K [0x00000007aab00000, 0x00000007c0000000, 0x00000007c0000000)
  eden space 239616K, 58% used [0x00000007aab00000,0x00000007b33c04a0,0x00000007b9500000)
  from space 31232K, 0% used [0x00000007b9500000,0x00000007b9500000,0x00000007bb380000)
  to   space 30720K, 0% used [0x00000007be200000,0x00000007be200000,0x00000007c0000000)
 ParOldGen       total 80384K, used 27692K [0x0000000780000000, 0x0000000784e80000, 0x00000007aab00000)
  object space 80384K, 34% used [0x0000000780000000,0x0000000781b0b210,0x0000000784e80000)
 Metaspace       used 47279K, capacity 47978K, committed 48256K, reserved 1091584K
  class space    used 5459K, capacity 5664K, committed 5760K, reserved 1048576K
GC Heap History (10 events):
Event: 6.542 GC heap before
{Heap before GC invocations=12 (full 2):
 PSYoungGen      total 193024K, used 15862K [0x00000007aab00000, 0x00000007b8800000, 0x00000007c0000000)
  eden space 177152K, 0% used [0x00000007aab00000,0x00000007aab00000,0x00000007b5800000)
  from space 15872K, 99% used [0x00000007b6d00000,0x00000007b7c7d830,0x00000007b7c80000)
  to   space 21504K, 0% used [0x00000007b5800000,0x00000007b5800000,0x00000007b6d00000)
 ParOldGen       total 38400K, used 32773K [0x0000000780000000, 0x0000000782580000, 0x00000007aab00000)
  object space 38400K, 85% used [0x0000000780000000,0x0000000782001748,0x0000000782580000)
 Metaspace       used 21692K, capacity 22148K, committed 22448K, reserved 1069056K
  class space    used 2563K, capacity 2728K, committed 2816K, reserved 1048576K
Event: 6.619 GC heap after
Heap after GC invocations=12 (full 2):
 PSYoungGen      total 193024K, used 0K [0x00000007aab00000, 0x00000007b8800000, 0x00000007c0000000)
  eden space 177152K, 0% used [0x00000007aab00000,0x00000007aab00000,0x00000007b5800000)
  from space 15872K, 0% used [0x00000007b6d00000,0x00000007b6d00000,0x00000007b7c80000)
  to   space 21504K, 0% used [0x00000007b5800000,0x00000007b5800000,0x00000007b6d00000)
 ParOldGen       total 77824K, used 35560K [0x0000000780000000, 0x0000000784c00000, 0x00000007aab00000)
  object space 77824K, 45% used [0x0000000780000000,0x00000007822ba150,0x0000000784c00000)
 Metaspace       used 21692K, capacity 22148K, committed 22448K, reserved 1069056K
  class space    used 2563K, capacity 2728K, committed 2816K, reserved 1048576K
}
Event: 7.344 GC heap before
{Heap before GC invocations=13 (full 2):
 PSYoungGen      total 193024K, used 177152K [0x00000007aab00000, 0x00000007b8800000, 0x00000007c0000000)
  eden space 177152K, 100% used [0x00000007aab00000,0x00000007b5800000,0x00000007b5800000)
  from space 15872K, 0% used [0x00000007b6d00000,0x00000007b6d00000,0x00000007b7c80000)
  to   space 21504K, 0% used [0x00000007b5800000,0x00000007b5800000,0x00000007b6d00000)
 ParOldGen       total 77824K, used 35560K [0x0000000780000000, 0x0000000784c00000, 0x00000007aab00000)
  object space 77824K, 45% used [0x0000000780000000,0x00000007822ba150,0x0000000784c00000)
 Metaspace       used 21698K, capacity 22148K, committed 22448K, reserved 1069056K
  class space    used 2563K, capacity 2728K, committed 2816K, reserved 1048576K
Event: 7.399 GC heap after
Heap after GC invocations=13 (full 2):
 PSYoungGen      total 198656K, used 21480K [0x00000007aab00000, 0x00000007bcf80000, 0x00000007c0000000)
  eden space 177152K, 0% used [0x00000007aab00000,0x00000007aab00000,0x00000007b5800000)
  from space 21504K, 99% used [0x00000007b5800000,0x00000007b6cfa290,0x00000007b6d00000)
  to   space 28160K, 0% used [0x00000007bb400000,0x00000007bb400000,0x00000007bcf80000)
 ParOldGen       total 77824K, used 43700K [0x0000000780000000, 0x0000000784c00000, 0x00000007aab00000)
  object space 77824K, 56% used [0x0000000780000000,0x0000000782aad138,0x0000000784c00000)
 Metaspace       used 21698K, capacity 22148K, committed 22448K, reserved 1069056K
  class space    used 2563K, capacity 2728K, committed 2816K, reserved 1048576K
}
Event: 9.459 GC heap before
{Heap before GC invocations=14 (full 2):
 PSYoungGen      total 198656K, used 198632K [0x00000007aab00000, 0x00000007bcf80000, 0x00000007c0000000)
  eden space 177152K, 100% used [0x00000007aab00000,0x00000007b5800000,0x00000007b5800000)
  from space 21504K, 99% used [0x00000007b5800000,0x00000007b6cfa290,0x00000007b6d00000)
  to   space 28160K, 0% used [0x00000007bb400000,0x00000007bb400000,0x00000007bcf80000)
 ParOldGen       total 77824K, used 43700K [0x0000000780000000, 0x0000000784c00000, 0x00000007aab00000)
  object space 77824K, 56% used [0x0000000780000000,0x0000000782aad138,0x0000000784c00000)
 Metaspace       used 32407K, capacity 32966K, committed 33280K, reserved 1079296K
  class space    used 3839K, capacity 4065K, committed 4096K, reserved 1048576K
Event: 9.507 GC heap after
Heap after GC invocations=14 (full 2):
 PSYoungGen      total 267776K, used 24656K [0x00000007aab00000, 0x00000007bd200000, 0x00000007c0000000)
  eden space 239616K, 0% used [0x00000007aab00000,0x00000007aab00000,0x00000007b9500000)
  from space 28160K, 87% used [0x00000007bb400000,0x00000007bcc141b0,0x00000007bcf80000)
  to   space 31232K, 0% used [0x00000007b9500000,0x00000007b9500000,0x00000007bb380000)
 ParOldGen       total 77824K, used 47439K [0x0000000780000000, 0x0000000784c00000, 0x00000007aab00000)
  object space 77824K, 60% used [0x0000000780000000,0x0000000782e53d08,0x0000000784c00000)
 Metaspace       used 32407K, capacity 32966K, committed 33280K, reserved 1079296K
  class space    used 3839K, capacity 4065K, committed 4096K, reserved 1048576K
}
Event: 11.079 GC heap before
{Heap before GC invocations=15 (full 2):
 PSYoungGen      total 267776K, used 103213K [0x00000007aab00000, 0x00000007bd200000, 0x00000007c0000000)
  eden space 239616K, 32% used [0x00000007aab00000,0x00000007af7b7380,0x00000007b9500000)
  from space 28160K, 87% used [0x00000007bb400000,0x00000007bcc141b0,0x00000007bcf80000)
  to   space 31232K, 0% used [0x00000007b9500000,0x00000007b9500000,0x00000007bb380000)
 ParOldGen       total 77824K, used 47439K [0x0000000780000000, 0x0000000784c00000, 0x00000007aab00000)
  object space 77824K, 60% used [0x0000000780000000,0x0000000782e53d08,0x0000000784c00000)
 Metaspace       used 36613K, capacity 37216K, committed 37376K, reserved 1081344K
  class space    used 4386K, capacity 4600K, committed 4608K, reserved 1048576K
Event: 11.100 GC heap after
Heap after GC invocations=15 (full 2):
 PSYoungGen      total 270848K, used 6366K [0x00000007aab00000, 0x00000007c0000000, 0x00000007c0000000)
  eden space 239616K, 0% used [0x00000007aab00000,0x00000007aab00000,0x00000007b9500000)
  from space 31232K, 20% used [0x00000007b9500000,0x00000007b9b37aa8,0x00000007bb380000)
  to   space 30720K, 0% used [0x00000007be200000,0x00000007be200000,0x00000007c0000000)
 ParOldGen       total 77824K, used 54716K [0x0000000780000000, 0x0000000784c00000, 0x00000007aab00000)
  object space 77824K, 70% used [0x0000000780000000,0x000000078356f3c8,0x0000000784c00000)
 Metaspace       used 36613K, capacity 37216K, committed 37376K, reserved 1081344K
  class space    used 4386K, capacity 4600K, committed 4608K, reserved 1048576K
}
Event: 11.100 GC heap before
{Heap before GC invocations=16 (full 3):
 PSYoungGen      total 270848K, used 6366K [0x00000007aab00000, 0x00000007c0000000, 0x00000007c0000000)
  eden space 239616K, 0% used [0x00000007aab00000,0x00000007aab00000,0x00000007b9500000)
  from space 31232K, 20% used [0x00000007b9500000,0x00000007b9b37aa8,0x00000007bb380000)
  to   space 30720K, 0% used [0x00000007be200000,0x00000007be200000,0x00000007c0000000)
 ParOldGen       total 77824K, used 54716K [0x0000000780000000, 0x0000000784c00000, 0x00000007aab00000)
  object space 77824K, 70% used [0x0000000780000000,0x000000078356f3c8,0x0000000784c00000)
 Metaspace       used 36613K, capacity 37216K, committed 37376K, reserved 1081344K
  class space    used 4386K, capacity 4600K, committed 4608K, reserved 1048576K
Event: 11.287 GC heap after
Heap after GC invocations=16 (full 3):
 PSYoungGen      total 270848K, used 0K [0x00000007aab00000, 0x00000007c0000000, 0x00000007c0000000)
  eden space 239616K, 0% used [0x00000007aab00000,0x00000007aab00000,0x00000007b9500000)
  from space 31232K, 0% used [0x00000007b9500000,0x00000007b9500000,0x00000007bb380000)
  to   space 30720K, 0% used [0x00000007be200000,0x00000007be200000,0x00000007c0000000)
 ParOldGen       total 80384K, used 27692K [0x0000000780000000, 0x0000000784e80000, 0x00000007aab00000)
  object space 80384K, 34% used [0x0000000780000000,0x0000000781b0b210,0x0000000784e80000)
 Metaspace       used 36613K, capacity 37216K, committed 37376K, reserved 1081344K
  class space    used 4386K, capacity 4600K, committed 4608K, reserved 1048576K
}

